#
# There is insufficient memory for the Java Runtime Environment to continue.
# Native memory allocation (malloc) failed to allocate 480104 bytes for AllocateHeap
# Possible reasons:
#   The system is out of physical RAM or swap space
#   In 32 bit mode, the process size limit was hit
# Possible solutions:
#   Reduce memory load on the system
#   Increase physical memory or swap space
#   Check if swap backing store is full
#   Use 64 bit Java on a 64 bit OS
#   Decrease Java heap size (-Xmx/-Xms)
#   Decrease number of Java threads
#   Decrease Java thread stack sizes (-Xss)
#   Set larger code cache with -XX:ReservedCodeCacheSize=
# This output file may be truncated or incomplete.
#
#  Out of Memory Error (memory/allocation.inline.hpp:61), pid=7444, tid=0x0000000000002384
#
# JRE version:  (8.0_112-b06) (build )
# Java VM: OpenJDK 64-Bit Server VM (25.112-b06 mixed mode windows-amd64 compressed oops)
# Failed to write core dump. Minidumps are not enabled by default on client versions of Windows
#

---------------  T H R E A D  ---------------

Current thread (0x0000000002fc1000):  JavaThread "Unknown thread" [_thread_in_vm, id=9092, stack(0x0000000002ec0000,0x0000000002fc0000)]

Stack: [0x0000000002ec0000,0x0000000002fc0000]
[error occurred during error reporting (printing stack bounds), id 0xc0000005]

Native frames: (J=compiled Java code, j=interpreted, Vv=VM code, C=native code)


---------------  P R O C E S S  ---------------

Java Threads: ( => current thread )

Other Threads:

=>0x0000000002fc1000 (exited) JavaThread "Unknown thread" [_thread_in_vm, id=9092, stack(0x0000000002ec0000,0x0000000002fc0000)]

VM state:not at safepoint (not fully initialized)

VM Mutex/Monitor currently owned by a thread: None

GC Heap History (0 events):
No events

Deoptimization events (0 events):
No events

Internal exceptions (0 events):
No events

Events (0 events):
No events


Dynamic libraries:
0x00007ff6c5600000 - 0x00007ff6c5631000 	D:\Program Files\Android\Android Studio\jre\bin\java.exe
0x00007ffb07be0000 - 0x00007ffb07dbb000 	C:\WINDOWS\SYSTEM32\ntdll.dll
0x00007ffb05720000 - 0x00007ffb057ce000 	C:\WINDOWS\System32\KERNEL32.DLL
0x00007ffb042e0000 - 0x00007ffb04529000 	C:\WINDOWS\System32\KERNELBASE.dll
0x00007ffb05f90000 - 0x00007ffb06031000 	C:\WINDOWS\System32\ADVAPI32.dll
0x00007ffb055d0000 - 0x00007ffb0566d000 	C:\WINDOWS\System32\msvcrt.dll
0x00007ffb06070000 - 0x00007ffb060c9000 	C:\WINDOWS\System32\sechost.dll
0x00007ffb05c10000 - 0x00007ffb05d35000 	C:\WINDOWS\System32\RPCRT4.dll
0x00007ffb060d0000 - 0x00007ffb0621a000 	C:\WINDOWS\System32\USER32.dll
0x00007ffb042c0000 - 0x00007ffb042de000 	C:\WINDOWS\System32\win32u.dll
0x00007ffb06040000 - 0x00007ffb06067000 	C:\WINDOWS\System32\GDI32.dll
0x00007ffb04f50000 - 0x00007ffb050d7000 	C:\WINDOWS\System32\gdi32full.dll
0x00007ffb041b0000 - 0x00007ffb0424a000 	C:\WINDOWS\System32\msvcp_win.dll
0x00007ffb04530000 - 0x00007ffb04626000 	C:\WINDOWS\System32\ucrtbase.dll
0x00007ffaf0fc0000 - 0x00007ffaf1227000 	C:\WINDOWS\WinSxS\amd64_microsoft.windows.common-controls_6595b64144ccf1df_6.0.15063.483_none_26002d27e7c744a2\COMCTL32.dll
0x00007ffb07660000 - 0x00007ffb07959000 	C:\WINDOWS\System32\combase.dll
0x00007ffb04250000 - 0x00007ffb042ba000 	C:\WINDOWS\System32\bcryptPrimitives.dll
0x00007ffb05580000 - 0x00007ffb055ad000 	C:\WINDOWS\System32\IMM32.DLL
0x0000000066a30000 - 0x0000000066b02000 	D:\Program Files\Android\Android Studio\jre\jre\bin\msvcr100.dll
0x00000000657a0000 - 0x0000000065fdc000 	D:\Program Files\Android\Android Studio\jre\jre\bin\server\jvm.dll
0x00007ffb05670000 - 0x00007ffb05678000 	C:\WINDOWS\System32\PSAPI.DLL
0x00007ffb00cd0000 - 0x00007ffb00cf3000 	C:\WINDOWS\SYSTEM32\WINMM.dll
0x00007ffb00a10000 - 0x00007ffb00a19000 	C:\WINDOWS\SYSTEM32\WSOCK32.dll
0x00007ffb07a20000 - 0x00007ffb07a8c000 	C:\WINDOWS\System32\WS2_32.dll
0x00007ffaf7490000 - 0x00007ffaf749a000 	C:\WINDOWS\SYSTEM32\VERSION.dll
0x00007ffb00ca0000 - 0x00007ffb00ccb000 	C:\WINDOWS\SYSTEM32\WINMMBASE.dll
0x00007ffb04630000 - 0x00007ffb04679000 	C:\WINDOWS\System32\cfgmgr32.dll
0x00007ffb00180000 - 0x00007ffb0018f000 	D:\Program Files\Android\Android Studio\jre\jre\bin\verify.dll
0x00007ffafd4b0000 - 0x00007ffafd4d9000 	D:\Program Files\Android\Android Studio\jre\jre\bin\java.dll
0x00007ffaff630000 - 0x00007ffaff646000 	D:\Program Files\Android\Android Studio\jre\jre\bin\zip.dll

VM Arguments:
jvm_args: -Djava.awt.headless=true -Dfile.encoding=windows-1252 -Duser.country=US -Duser.language=en -Duser.variant 
java_command: com.android.multidex.ClassReferenceListBuilder D:\AndroidStudio-Workspace\DATN_TimKiemNhaTro\app\build\intermediates\multi-dex\debug\componentClasses.jar D:\AndroidStudio-Workspace\DATN_TimKiemNhaTro\app\build\intermediates\transforms\jarMerging\debug\jars\1\1f\combined.jar
java_class_path (initial): D:\Android\sdk\build-tools\25.0.3\lib\dx.jar
Launcher Type: SUN_STANDARD

Environment Variables:
PATH=C:\ProgramData\Oracle\Java\javapath;C:\WINDOWS\system32;C:\WINDOWS;C:\WINDOWS\System32\Wbem;C:\WINDOWS\System32\WindowsPowerShell\v1.0\;C:\Program Files (x86)\Windows Kits\8.1\Windows Performance Toolkit\;C:\Program Files\Microsoft SQL Server\110\Tools\Binn\;C:\Program Files (x86)\Windows Live\Shared;C:\Users\Windows 10 TIMT\AppData\Local\Microsoft\WindowsApps;
USERNAME=Windows 10 TIMT
OS=Windows_NT
PROCESSOR_IDENTIFIER=Intel64 Family 6 Model 58 Stepping 9, GenuineIntel



---------------  S Y S T E M  ---------------

OS: Windows 10.0 , 64 bit Build 15063 (10.0.15063.296)

CPU:total 4 (2 cores per cpu, 2 threads per core) family 6 model 58 stepping 9, cmov, cx8, fxsr, mmx, sse, sse2, sse3, ssse3, sse4.1, sse4.2, popcnt, avx, aes, clmul, erms, ht, tsc, tscinvbit, tscinv

Memory: 4k page, physical 8060056k(290524k free), swap 8060056k(4472k free)

vm_info: OpenJDK 64-Bit Server VM (25.112-b06) for windows-amd64 JRE (1.8.0_112-release-b06), built on Dec  8 2016 00:54:26 by "builder" with MS VC++ 10.0 (VS2010)

time: Mon Dec 04 11:37:37 2017
elapsed time: 0 seconds (0d 0h 0m 0s)

