#
# There is insufficient memory for the Java Runtime Environment to continue.
# Native memory allocation (malloc) failed to allocate 1048576 bytes for AllocateHeap
# Possible reasons:
#   The system is out of physical RAM or swap space
#   In 32 bit mode, the process size limit was hit
# Possible solutions:
#   Reduce memory load on the system
#   Increase physical memory or swap space
#   Check if swap backing store is full
#   Use 64 bit Java on a 64 bit OS
#   Decrease Java heap size (-Xmx/-Xms)
#   Decrease number of Java threads
#   Decrease Java thread stack sizes (-Xss)
#   Set larger code cache with -XX:ReservedCodeCacheSize=
# This output file may be truncated or incomplete.
#
#  Out of Memory Error (memory/allocation.inline.hpp:61), pid=11032, tid=0x00000000000004cc
#
# JRE version:  (8.0_112-b06) (build )
# Java VM: OpenJDK 64-Bit Server VM (25.112-b06 mixed mode windows-amd64 compressed oops)
# Failed to write core dump. Minidumps are not enabled by default on client versions of Windows
#

---------------  T H R E A D  ---------------

Current thread (0x0000000002621000):  JavaThread "Unknown thread" [_thread_in_vm, id=1228, stack(0x0000000002470000,0x0000000002570000)]

Stack: [0x0000000002470000,0x0000000002570000]
[error occurred during error reporting (printing stack bounds), id 0xc0000005]

Native frames: (J=compiled Java code, j=interpreted, Vv=VM code, C=native code)


---------------  P R O C E S S  ---------------

Java Threads: ( => current thread )

Other Threads:

=>0x0000000002621000 (exited) JavaThread "Unknown thread" [_thread_in_vm, id=1228, stack(0x0000000002470000,0x0000000002570000)]

VM state:not at safepoint (normal execution)

VM Mutex/Monitor currently owned by a thread: None

Heap:
 PSYoungGen      total 36864K, used 634K [0x00000000d7000000, 0x00000000d9900000, 0x0000000100000000)
  eden space 31744K, 2% used [0x00000000d7000000,0x00000000d709eb90,0x00000000d8f00000)
  from space 5120K, 0% used [0x00000000d9400000,0x00000000d9400000,0x00000000d9900000)
  to   space 5120K, 0% used [0x00000000d8f00000,0x00000000d8f00000,0x00000000d9400000)
 ParOldGen       total 84992K, used 0K [0x0000000085000000, 0x000000008a300000, 0x00000000d7000000)
  object space 84992K, 0% used [0x0000000085000000,0x0000000085000000,0x000000008a300000)
 Metaspace       used 772K, capacity 4480K, committed 4480K, reserved 1056768K
  class space    used 73K, capacity 384K, committed 384K, reserved 1048576K

Card table byte_map: [0x0000000011ae0000,0x0000000011ec0000] byte_map_base: 0x00000000116b8000

Marking Bits: (ParMarkBitMap*) 0x0000000067e118f0
 Begin Bits: [0x0000000012550000, 0x0000000014410000)
 End Bits:   [0x0000000014410000, 0x00000000162d0000)

Polling page: 0x0000000000bb0000

CodeCache: size=245760Kb used=328Kb max_used=328Kb free=245431Kb
 bounds [0x0000000002720000, 0x0000000002990000, 0x0000000011720000]
 total_blobs=57 nmethods=0 adapters=38
 compilation: enabled

Compilation events (0 events):
No events

GC Heap History (0 events):
No events

Deoptimization events (0 events):
No events

Internal exceptions (0 events):
No events

Events (10 events):
Event: 0.063 loading class java/lang/Short
Event: 0.063 loading class java/lang/Short done
Event: 0.063 loading class java/lang/Integer
Event: 0.064 loading class java/lang/Integer done
Event: 0.064 loading class java/lang/Long
Event: 0.064 loading class java/lang/Long done
Event: 0.066 loading class java/lang/NullPointerException
Event: 0.066 loading class java/lang/NullPointerException done
Event: 0.066 loading class java/lang/ArithmeticException
Event: 0.066 loading class java/lang/ArithmeticException done


Dynamic libraries:
0x00007ff69ea90000 - 0x00007ff69eac1000 	D:\Program Files\Android\Android Studio\jre\bin\java.exe
0x00007ffefab20000 - 0x00007ffefacfb000 	C:\WINDOWS\SYSTEM32\ntdll.dll
0x00007ffef8550000 - 0x00007ffef85fe000 	C:\WINDOWS\System32\KERNEL32.DLL
0x00007ffef7d30000 - 0x00007ffef7f79000 	C:\WINDOWS\System32\KERNELBASE.dll
0x00007ffefaa10000 - 0x00007ffefaab1000 	C:\WINDOWS\System32\ADVAPI32.dll
0x00007ffefa2a0000 - 0x00007ffefa33d000 	C:\WINDOWS\System32\msvcrt.dll
0x00007ffef83d0000 - 0x00007ffef8429000 	C:\WINDOWS\System32\sechost.dll
0x00007ffef9c80000 - 0x00007ffef9da5000 	C:\WINDOWS\System32\RPCRT4.dll
0x00007ffef9b30000 - 0x00007ffef9c7a000 	C:\WINDOWS\System32\USER32.dll
0x00007ffef75c0000 - 0x00007ffef75de000 	C:\WINDOWS\System32\win32u.dll
0x00007ffefa510000 - 0x00007ffefa537000 	C:\WINDOWS\System32\GDI32.dll
0x00007ffef7320000 - 0x00007ffef74a7000 	C:\WINDOWS\System32\gdi32full.dll
0x00007ffef7280000 - 0x00007ffef731a000 	C:\WINDOWS\System32\msvcp_win.dll
0x00007ffef7f80000 - 0x00007ffef8076000 	C:\WINDOWS\System32\ucrtbase.dll
0x00007ffee2580000 - 0x00007ffee27e7000 	C:\WINDOWS\WinSxS\amd64_microsoft.windows.common-controls_6595b64144ccf1df_6.0.15063.483_none_26002d27e7c744a2\COMCTL32.dll
0x00007ffef9f00000 - 0x00007ffefa1f9000 	C:\WINDOWS\System32\combase.dll
0x00007ffef7040000 - 0x00007ffef70aa000 	C:\WINDOWS\System32\bcryptPrimitives.dll
0x00007ffef8200000 - 0x00007ffef822d000 	C:\WINDOWS\System32\IMM32.DLL
0x0000000067570000 - 0x0000000067642000 	D:\Program Files\Android\Android Studio\jre\jre\bin\msvcr100.dll
0x0000000067650000 - 0x0000000067e8c000 	D:\Program Files\Android\Android Studio\jre\jre\bin\server\jvm.dll
0x00007ffef8600000 - 0x00007ffef8608000 	C:\WINDOWS\System32\PSAPI.DLL
0x00007ffeea400000 - 0x00007ffeea40a000 	C:\WINDOWS\SYSTEM32\VERSION.dll
0x00007ffef3250000 - 0x00007ffef3273000 	C:\WINDOWS\SYSTEM32\WINMM.dll
0x00007ffede150000 - 0x00007ffede159000 	C:\WINDOWS\SYSTEM32\WSOCK32.dll
0x00007ffef84e0000 - 0x00007ffef854c000 	C:\WINDOWS\System32\WS2_32.dll
0x00007ffef3220000 - 0x00007ffef324b000 	C:\WINDOWS\SYSTEM32\WINMMBASE.dll
0x00007ffef7ce0000 - 0x00007ffef7d29000 	C:\WINDOWS\System32\cfgmgr32.dll
0x00007ffef4090000 - 0x00007ffef409f000 	D:\Program Files\Android\Android Studio\jre\jre\bin\verify.dll
0x00007ffeec740000 - 0x00007ffeec769000 	D:\Program Files\Android\Android Studio\jre\jre\bin\java.dll
0x00007ffeec7a0000 - 0x00007ffeec7b6000 	D:\Program Files\Android\Android Studio\jre\jre\bin\zip.dll

VM Arguments:
jvm_args: -Djava.awt.headless=true -Dfile.encoding=windows-1252 -Duser.country=US -Duser.language=en -Duser.variant 
java_command: com.android.multidex.ClassReferenceListBuilder D:\AndroidStudio-Workspace\DATN_TimKiemNhaTro\app\build\intermediates\multi-dex\debug\componentClasses.jar D:\AndroidStudio-Workspace\DATN_TimKiemNhaTro\app\build\intermediates\transforms\jarMerging\debug\jars\1\1f\combined.jar
java_class_path (initial): D:\Android\sdk\build-tools\25.0.3\lib\dx.jar
Launcher Type: SUN_STANDARD

Environment Variables:
PATH=C:\ProgramData\Oracle\Java\javapath;C:\WINDOWS\system32;C:\WINDOWS;C:\WINDOWS\System32\Wbem;C:\WINDOWS\System32\WindowsPowerShell\v1.0\;C:\Program Files (x86)\Windows Kits\8.1\Windows Performance Toolkit\;C:\Program Files\Microsoft SQL Server\110\Tools\Binn\;C:\Program Files (x86)\Windows Live\Shared;C:\Users\Windows 10 TIMT\AppData\Local\Microsoft\WindowsApps;
USERNAME=Windows 10 TIMT
OS=Windows_NT
PROCESSOR_IDENTIFIER=Intel64 Family 6 Model 58 Stepping 9, GenuineIntel



---------------  S Y S T E M  ---------------

OS: Windows 10.0 , 64 bit Build 15063 (10.0.15063.296)

CPU:total 4 (2 cores per cpu, 2 threads per core) family 6 model 58 stepping 9, cmov, cx8, fxsr, mmx, sse, sse2, sse3, ssse3, sse4.1, sse4.2, popcnt, avx, aes, clmul, erms, ht, tsc, tscinvbit, tscinv

Memory: 4k page, physical 8060056k(1079972k free), swap 8060056k(5244k free)

vm_info: OpenJDK 64-Bit Server VM (25.112-b06) for windows-amd64 JRE (1.8.0_112-release-b06), built on Dec  8 2016 00:54:26 by "builder" with MS VC++ 10.0 (VS2010)

time: Fri Nov 24 23:48:08 2017
elapsed time: 0 seconds (0d 0h 0m 0s)

