#
# There is insufficient memory for the Java Runtime Environment to continue.
# Native memory allocation (malloc) failed to allocate 2394736 bytes for Chunk::new
# Possible reasons:
#   The system is out of physical RAM or swap space
#   In 32 bit mode, the process size limit was hit
# Possible solutions:
#   Reduce memory load on the system
#   Increase physical memory or swap space
#   Check if swap backing store is full
#   Use 64 bit Java on a 64 bit OS
#   Decrease Java heap size (-Xmx/-Xms)
#   Decrease number of Java threads
#   Decrease Java thread stack sizes (-Xss)
#   Set larger code cache with -XX:ReservedCodeCacheSize=
# This output file may be truncated or incomplete.
#
#  Out of Memory Error (allocation.cpp:390), pid=3340, tid=0x00000000000013fc
#
# JRE version: OpenJDK Runtime Environment (8.0_112-b06) (build 1.8.0_112-release-b06)
# Java VM: OpenJDK 64-Bit Server VM (25.112-b06 mixed mode windows-amd64 compressed oops)
# Failed to write core dump. Minidumps are not enabled by default on client versions of Windows
#

---------------  T H R E A D  ---------------

Current thread (0x0000000017a8b800):  JavaThread "C2 CompilerThread0" daemon [_thread_in_native, id=5116, stack(0x00000000191e0000,0x00000000192e0000)]

Stack: [0x00000000191e0000,0x00000000192e0000]
[error occurred during error reporting (printing stack bounds), id 0xc0000005]

Native frames: (J=compiled Java code, j=interpreted, Vv=VM code, C=native code)


Current CompileTask:
C2:   2253  366   !   4       com.android.dx.cf.cst.ConstantPoolParser::parse0 (731 bytes)


---------------  P R O C E S S  ---------------

Java Threads: ( => current thread )
  0x0000000019508800 JavaThread "Service Thread" daemon [_thread_blocked, id=1168, stack(0x00000000198e0000,0x00000000199e0000)]
  0x0000000017a96800 JavaThread "C1 CompilerThread2" daemon [_thread_blocked, id=5604, stack(0x00000000193e0000,0x00000000194e0000)]
  0x0000000017a8f800 JavaThread "C2 CompilerThread1" daemon [_thread_in_native, id=240, stack(0x00000000192e0000,0x00000000193e0000)]
=>0x0000000017a8b800 JavaThread "C2 CompilerThread0" daemon [_thread_in_native, id=5116, stack(0x00000000191e0000,0x00000000192e0000)]
  0x0000000017a8a000 JavaThread "Attach Listener" daemon [_thread_blocked, id=3532, stack(0x00000000190e0000,0x00000000191e0000)]
  0x0000000017a89000 JavaThread "Signal Dispatcher" daemon [_thread_blocked, id=7996, stack(0x0000000018fe0000,0x00000000190e0000)]
  0x000000000315b000 JavaThread "Finalizer" daemon [_thread_blocked, id=4212, stack(0x0000000018cf0000,0x0000000018df0000)]
  0x0000000003152000 JavaThread "Reference Handler" daemon [_thread_blocked, id=5836, stack(0x0000000018bf0000,0x0000000018cf0000)]
  0x0000000003061000 JavaThread "main" [_thread_in_vm, id=7144, stack(0x0000000002ee0000,0x0000000002fe0000)]

Other Threads:
  0x0000000017a55800 VMThread [stack: 0x0000000018af0000,0x0000000018bf0000] [id=6500]
  0x000000001950a000 WatcherThread [stack: 0x00000000199e0000,0x0000000019ae0000] [id=2384]

VM state:not at safepoint (normal execution)

VM Mutex/Monitor currently owned by a thread: None

Heap:
 PSYoungGen      total 36864K, used 22152K [0x00000000d7000000, 0x00000000db800000, 0x0000000100000000)
  eden space 31744K, 57% used [0x00000000d7000000,0x00000000d81bb8a0,0x00000000d8f00000)
  from space 5120K, 78% used [0x00000000d8f00000,0x00000000d92e6a50,0x00000000d9400000)
  to   space 5120K, 0% used [0x00000000db300000,0x00000000db300000,0x00000000db800000)
 ParOldGen       total 84992K, used 0K [0x0000000085000000, 0x000000008a300000, 0x00000000d7000000)
  object space 84992K, 0% used [0x0000000085000000,0x0000000085000000,0x000000008a300000)
 Metaspace       used 3674K, capacity 5144K, committed 5376K, reserved 1056768K
  class space    used 381K, capacity 456K, committed 512K, reserved 1048576K

Card table byte_map: [0x0000000012520000,0x0000000012900000] byte_map_base: 0x00000000120f8000

Marking Bits: (ParMarkBitMap*) 0x000000005bc418f0
 Begin Bits: [0x0000000012f90000, 0x0000000014e50000)
 End Bits:   [0x0000000014e50000, 0x0000000016d10000)

Polling page: 0x00000000016b0000

CodeCache: size=245760Kb used=3057Kb max_used=3057Kb free=242702Kb
 bounds [0x0000000003160000, 0x0000000003460000, 0x0000000012160000]
 total_blobs=737 nmethods=490 adapters=161
 compilation: enabled

Compilation events (10 events):
Event: 2.219 Thread 0x0000000017a96800  495       3       java.util.HashMap$HashIterator::hasNext (13 bytes)
Event: 2.219 Thread 0x0000000017a96800 nmethod 495 0x000000000344ad50 code [0x000000000344aea0, 0x000000000344b050]
Event: 2.220 Thread 0x0000000017a96800  496       3       java.util.HashMap$KeyIterator::next (8 bytes)
Event: 2.220 Thread 0x0000000017a96800 nmethod 496 0x000000000344ff10 code [0x0000000003450080, 0x0000000003450288]
Event: 2.221 Thread 0x0000000017a96800  497       3       java.util.HashMap$HashIterator::nextNode (100 bytes)
Event: 2.222 Thread 0x0000000017a96800 nmethod 497 0x000000000344f6d0 code [0x000000000344f880, 0x000000000344fd18]
Event: 2.237 Thread 0x0000000017a96800  500       1       com.android.dx.cf.attrib.BaseAttribute::getName (5 bytes)
Event: 2.238 Thread 0x0000000017a96800 nmethod 500 0x000000000344f410 code [0x000000000344f560, 0x000000000344f670]
Event: 2.240 Thread 0x0000000017a96800  501       1       com.android.dx.cf.iface.StdMember::getAttributes (5 bytes)
Event: 2.241 Thread 0x0000000017a96800 nmethod 501 0x000000000344f150 code [0x000000000344f2a0, 0x000000000344f3b0]

GC Heap History (2 events):
Event: 1.865 GC heap before
{Heap before GC invocations=1 (full 0):
 PSYoungGen      total 36864K, used 31744K [0x00000000d7000000, 0x00000000d9900000, 0x0000000100000000)
  eden space 31744K, 100% used [0x00000000d7000000,0x00000000d8f00000,0x00000000d8f00000)
  from space 5120K, 0% used [0x00000000d9400000,0x00000000d9400000,0x00000000d9900000)
  to   space 5120K, 0% used [0x00000000d8f00000,0x00000000d8f00000,0x00000000d9400000)
 ParOldGen       total 84992K, used 0K [0x0000000085000000, 0x000000008a300000, 0x00000000d7000000)
  object space 84992K, 0% used [0x0000000085000000,0x0000000085000000,0x000000008a300000)
 Metaspace       used 3644K, capacity 5144K, committed 5376K, reserved 1056768K
  class space    used 377K, capacity 456K, committed 512K, reserved 1048576K
Event: 1.901 GC heap after
Heap after GC invocations=1 (full 0):
 PSYoungGen      total 36864K, used 3994K [0x00000000d7000000, 0x00000000db800000, 0x0000000100000000)
  eden space 31744K, 0% used [0x00000000d7000000,0x00000000d7000000,0x00000000d8f00000)
  from space 5120K, 78% used [0x00000000d8f00000,0x00000000d92e6a50,0x00000000d9400000)
  to   space 5120K, 0% used [0x00000000db300000,0x00000000db300000,0x00000000db800000)
 ParOldGen       total 84992K, used 0K [0x0000000085000000, 0x000000008a300000, 0x00000000d7000000)
  object space 84992K, 0% used [0x0000000085000000,0x0000000085000000,0x000000008a300000)
 Metaspace       used 3644K, capacity 5144K, committed 5376K, reserved 1056768K
  class space    used 377K, capacity 456K, committed 512K, reserved 1048576K
}

Deoptimization events (4 events):
Event: 0.835 Thread 0x0000000003061000 Uncommon trap: reason=unstable_if action=reinterpret pc=0x00000000032e5850 method=java.lang.String.<init>([CII)V @ 18
Event: 0.841 Thread 0x0000000003061000 Uncommon trap: reason=unstable_if action=reinterpret pc=0x0000000003313f38 method=java.lang.String.<init>([CII)V @ 18
Event: 0.930 Thread 0x0000000003061000 Uncommon trap: reason=unloaded action=reinterpret pc=0x000000000336d330 method=com.android.dx.cf.cst.ConstantPoolParser.parse0(ILjava/util/BitSet;)Lcom/android/dx/rop/cst/Constant; @ 220
Event: 1.761 Thread 0x0000000003061000 Uncommon trap: reason=unstable_if action=reinterpret pc=0x000000000341671c method=com.android.dx.cf.direct.StdAttributeFactory.parse0(Lcom/android/dx/cf/direct/DirectClassFile;ILjava/lang/String;IILcom/android/dx/cf/iface/ParseObserver;)Lcom/android/dx/cf/

Internal exceptions (2 events):
Event: 0.087 Thread 0x0000000003061000 Exception <a 'java/lang/NoSuchMethodError': Method sun.misc.Unsafe.defineClass(Ljava/lang/String;[BII)Ljava/lang/Class; name or signature does not match> (0x00000000d7007c78) thrown at [C:\src\android\AOSP-openjdk\external\jetbrains\jdk\hotspot\src\share\vÂ²ÅXË<¶?
Event: 0.087 Thread 0x0000000003061000 Exception <a 'java/lang/NoSuchMethodError': Method sun.misc.Unsafe.prefetchRead(Ljava/lang/Object;J)V name or signature does not match> (0x00000000d7007f60) thrown at [C:\src\android\AOSP-openjdk\external\jetbrains\jdk\hotspot\src\share\vm\prims\jni.cpp, l

Events (10 events):
Event: 2.215 loading class java/util/HashMap$KeyIterator
Event: 2.215 loading class java/util/HashMap$HashIterator
Event: 2.215 loading class java/util/HashMap$HashIterator done
Event: 2.215 loading class java/util/HashMap$KeyIterator done
Event: 2.223 loading class com/android/multidex/ArchivePathElement$1
Event: 2.223 loading class com/android/multidex/ArchivePathElement$1 done
Event: 2.225 loading class com/android/multidex/ArchivePathElement$1$1
Event: 2.225 loading class com/android/multidex/ArchivePathElement$1$1 done
Event: 2.226 loading class java/util/NoSuchElementException
Event: 2.226 loading class java/util/NoSuchElementException done


Dynamic libraries:
0x00007ff7c6c80000 - 0x00007ff7c6cb1000 	D:\Program Files\Android\Android Studio\jre\bin\java.exe
0x00007ffccf1b0000 - 0x00007ffccf38b000 	C:\WINDOWS\SYSTEM32\ntdll.dll
0x00007ffccc7e0000 - 0x00007ffccc88e000 	C:\WINDOWS\System32\KERNEL32.DLL
0x00007ffccb6d0000 - 0x00007ffccb919000 	C:\WINDOWS\System32\KERNELBASE.dll
0x00007ffccf100000 - 0x00007ffccf1a1000 	C:\WINDOWS\System32\ADVAPI32.dll
0x00007ffccc740000 - 0x00007ffccc7dd000 	C:\WINDOWS\System32\msvcrt.dll
0x00007ffccd170000 - 0x00007ffccd1c9000 	C:\WINDOWS\System32\sechost.dll
0x00007ffccee90000 - 0x00007ffccefb5000 	C:\WINDOWS\System32\RPCRT4.dll
0x00007ffcced20000 - 0x00007ffccee6a000 	C:\WINDOWS\System32\USER32.dll
0x00007ffccc2f0000 - 0x00007ffccc30e000 	C:\WINDOWS\System32\win32u.dll
0x00007ffccefc0000 - 0x00007ffccefe7000 	C:\WINDOWS\System32\GDI32.dll
0x00007ffccc430000 - 0x00007ffccc5b7000 	C:\WINDOWS\System32\gdi32full.dll
0x00007ffccb980000 - 0x00007ffccba1a000 	C:\WINDOWS\System32\msvcp_win.dll
0x00007ffccc5c0000 - 0x00007ffccc6b6000 	C:\WINDOWS\System32\ucrtbase.dll
0x00007ffcc0b60000 - 0x00007ffcc0dc7000 	C:\WINDOWS\WinSxS\amd64_microsoft.windows.common-controls_6595b64144ccf1df_6.0.15063.483_none_26002d27e7c744a2\COMCTL32.dll
0x00007ffccea20000 - 0x00007ffcced19000 	C:\WINDOWS\System32\combase.dll
0x00007ffccc3c0000 - 0x00007ffccc42a000 	C:\WINDOWS\System32\bcryptPrimitives.dll
0x00007ffccc710000 - 0x00007ffccc73d000 	C:\WINDOWS\System32\IMM32.DLL
0x000000005b3a0000 - 0x000000005b472000 	D:\Program Files\Android\Android Studio\jre\jre\bin\msvcr100.dll
0x000000005b480000 - 0x000000005bcbc000 	D:\Program Files\Android\Android Studio\jre\jre\bin\server\jvm.dll
0x00007ffccc890000 - 0x00007ffccc898000 	C:\WINDOWS\System32\PSAPI.DLL
0x00007ffc94720000 - 0x00007ffc94729000 	C:\WINDOWS\SYSTEM32\WSOCK32.dll
0x00007ffcbbb90000 - 0x00007ffcbbb9a000 	C:\WINDOWS\SYSTEM32\VERSION.dll
0x00007ffcceff0000 - 0x00007ffccf05c000 	C:\WINDOWS\System32\WS2_32.dll
0x00007ffcc81a0000 - 0x00007ffcc81c3000 	C:\WINDOWS\SYSTEM32\WINMM.dll
0x00007ffcc8170000 - 0x00007ffcc819b000 	C:\WINDOWS\SYSTEM32\winmmbase.dll
0x00007ffccc6c0000 - 0x00007ffccc709000 	C:\WINDOWS\System32\cfgmgr32.dll
0x00007ffcc3d90000 - 0x00007ffcc3d9f000 	D:\Program Files\Android\Android Studio\jre\jre\bin\verify.dll
0x00007ffcbcab0000 - 0x00007ffcbcad9000 	D:\Program Files\Android\Android Studio\jre\jre\bin\java.dll
0x00007ffcc02c0000 - 0x00007ffcc02d6000 	D:\Program Files\Android\Android Studio\jre\jre\bin\zip.dll
0x00007ffccd470000 - 0x00007ffcce8a7000 	C:\WINDOWS\System32\SHELL32.dll
0x00007ffccd250000 - 0x00007ffccd2fa000 	C:\WINDOWS\System32\shcore.dll
0x00007ffccbbf0000 - 0x00007ffccc2e1000 	C:\WINDOWS\System32\windows.storage.dll
0x00007ffccd1f0000 - 0x00007ffccd241000 	C:\WINDOWS\System32\shlwapi.dll
0x00007ffccb660000 - 0x00007ffccb671000 	C:\WINDOWS\System32\kernel.appcore.dll
0x00007ffccb680000 - 0x00007ffccb6cc000 	C:\WINDOWS\System32\powrprof.dll
0x00007ffccb640000 - 0x00007ffccb655000 	C:\WINDOWS\System32\profapi.dll

VM Arguments:
jvm_args: -Djava.awt.headless=true -Dfile.encoding=windows-1252 -Duser.country=US -Duser.language=en -Duser.variant 
java_command: com.android.multidex.ClassReferenceListBuilder D:\AndroidStudio-Workspace\DATN_TimKiemNhaTro\app\build\intermediates\multi-dex\debug\componentClasses.jar D:\AndroidStudio-Workspace\DATN_TimKiemNhaTro\app\build\intermediates\transforms\jarMerging\debug\jars\1\1f\combined.jar
java_class_path (initial): D:\Android\sdk\build-tools\25.0.3\lib\dx.jar
Launcher Type: SUN_STANDARD

Environment Variables:
PATH=C:\ProgramData\Oracle\Java\javapath;C:\WINDOWS\system32;C:\WINDOWS;C:\WINDOWS\System32\Wbem;C:\WINDOWS\System32\WindowsPowerShell\v1.0\;C:\Program Files (x86)\Windows Kits\8.1\Windows Performance Toolkit\;C:\Program Files\Microsoft SQL Server\110\Tools\Binn\;C:\Program Files (x86)\Windows Live\Shared;C:\Users\Windows 10 TIMT\AppData\Local\Microsoft\WindowsApps;
USERNAME=Windows 10 TIMT
OS=Windows_NT
PROCESSOR_IDENTIFIER=Intel64 Family 6 Model 58 Stepping 9, GenuineIntel



---------------  S Y S T E M  ---------------

OS: Windows 10.0 , 64 bit Build 15063 (10.0.15063.296)

CPU:total 4 (2 cores per cpu, 2 threads per core) family 6 model 58 stepping 9, cmov, cx8, fxsr, mmx, sse, sse2, sse3, ssse3, sse4.1, sse4.2, popcnt, avx, aes, clmul, erms, ht, tsc, tscinvbit, tscinv

Memory: 4k page, physical 8060056k(280160k free), swap 8060056k(4856k free)

vm_info: OpenJDK 64-Bit Server VM (25.112-b06) for windows-amd64 JRE (1.8.0_112-release-b06), built on Dec  8 2016 00:54:26 by "builder" with MS VC++ 10.0 (VS2010)

time: Tue Nov 21 21:59:26 2017
elapsed time: 2 seconds (0d 0h 0m 2s)

