#
# There is insufficient memory for the Java Runtime Environment to continue.
# Native memory allocation (malloc) failed to allocate 1316336 bytes for Chunk::new
# Possible reasons:
#   The system is out of physical RAM or swap space
#   In 32 bit mode, the process size limit was hit
# Possible solutions:
#   Reduce memory load on the system
#   Increase physical memory or swap space
#   Check if swap backing store is full
#   Use 64 bit Java on a 64 bit OS
#   Decrease Java heap size (-Xmx/-Xms)
#   Decrease number of Java threads
#   Decrease Java thread stack sizes (-Xss)
#   Set larger code cache with -XX:ReservedCodeCacheSize=
# This output file may be truncated or incomplete.
#
#  Out of Memory Error (allocation.cpp:390), pid=10352, tid=0x0000000000002208
#
# JRE version: OpenJDK Runtime Environment (8.0_112-b06) (build 1.8.0_112-release-b06)
# Java VM: OpenJDK 64-Bit Server VM (25.112-b06 mixed mode windows-amd64 compressed oops)
# Failed to write core dump. Minidumps are not enabled by default on client versions of Windows
#

---------------  T H R E A D  ---------------

Current thread (0x000000001790e800):  JavaThread "C2 CompilerThread1" daemon [_thread_in_native, id=8712, stack(0x0000000019150000,0x0000000019250000)]

Stack: [0x0000000019150000,0x0000000019250000]
[error occurred during error reporting (printing stack bounds), id 0xc0000005]

Native frames: (J=compiled Java code, j=interpreted, Vv=VM code, C=native code)


Current CompileTask:
C2:    677  348   !   4       com.android.dx.cf.cst.ConstantPoolParser::parse0 (731 bytes)


---------------  P R O C E S S  ---------------

Java Threads: ( => current thread )
  0x0000000019350800 JavaThread "Service Thread" daemon [_thread_blocked, id=8720, stack(0x0000000019750000,0x0000000019850000)]
  0x0000000017915800 JavaThread "C1 CompilerThread2" daemon [_thread_blocked, id=8256, stack(0x0000000019250000,0x0000000019350000)]
=>0x000000001790e800 JavaThread "C2 CompilerThread1" daemon [_thread_in_native, id=8712, stack(0x0000000019150000,0x0000000019250000)]
  0x000000001790c800 JavaThread "C2 CompilerThread0" daemon [_thread_in_native, id=8168, stack(0x0000000019050000,0x0000000019150000)]
  0x000000001790a000 JavaThread "Attach Listener" daemon [_thread_blocked, id=7540, stack(0x0000000018f50000,0x0000000019050000)]
  0x0000000017909000 JavaThread "Signal Dispatcher" daemon [_thread_blocked, id=1316, stack(0x0000000018e50000,0x0000000018f50000)]
  0x0000000002fdb800 JavaThread "Finalizer" daemon [_thread_blocked, id=808, stack(0x0000000018b60000,0x0000000018c60000)]
  0x0000000002fd0800 JavaThread "Reference Handler" daemon [_thread_blocked, id=5048, stack(0x0000000018a60000,0x0000000018b60000)]
  0x0000000002ee1000 JavaThread "main" [_thread_in_native, id=9536, stack(0x0000000002d40000,0x0000000002e40000)]

Other Threads:
  0x00000000178d6000 VMThread [stack: 0x0000000018960000,0x0000000018a60000] [id=2856]
  0x0000000019353000 WatcherThread [stack: 0x0000000019850000,0x0000000019950000] [id=10456]

VM state:not at safepoint (normal execution)

VM Mutex/Monitor currently owned by a thread: None

Heap:
 PSYoungGen      total 36864K, used 22946K [0x00000000d7000000, 0x00000000d9900000, 0x0000000100000000)
  eden space 31744K, 72% used [0x00000000d7000000,0x00000000d8668800,0x00000000d8f00000)
  from space 5120K, 0% used [0x00000000d9400000,0x00000000d9400000,0x00000000d9900000)
  to   space 5120K, 0% used [0x00000000d8f00000,0x00000000d8f00000,0x00000000d9400000)
 ParOldGen       total 84992K, used 0K [0x0000000085000000, 0x000000008a300000, 0x00000000d7000000)
  object space 84992K, 0% used [0x0000000085000000,0x0000000085000000,0x000000008a300000)
 Metaspace       used 3611K, capacity 5080K, committed 5376K, reserved 1056768K
  class space    used 377K, capacity 456K, committed 512K, reserved 1048576K

Card table byte_map: [0x00000000123a0000,0x0000000012780000] byte_map_base: 0x0000000011f78000

Marking Bits: (ParMarkBitMap*) 0x000000005b9118f0
 Begin Bits: [0x0000000012e10000, 0x0000000014cd0000)
 End Bits:   [0x0000000014cd0000, 0x0000000016b90000)

Polling page: 0x0000000001150000

CodeCache: size=245760Kb used=2626Kb max_used=2626Kb free=243133Kb
 bounds [0x0000000002fe0000, 0x0000000003280000, 0x0000000011fe0000]
 total_blobs=666 nmethods=419 adapters=161
 compilation: enabled

Compilation events (10 events):
Event: 0.634 Thread 0x0000000017915800 nmethod 416 0x0000000003259050 code [0x0000000003259f40, 0x0000000003264ed8]
Event: 0.634 Thread 0x0000000017915800  417       3       com.android.dx.cf.direct.StdAttributeFactory::parse0 (532 bytes)
Event: 0.640 Thread 0x0000000017915800 nmethod 417 0x000000000326c250 code [0x000000000326ca00, 0x0000000003270f88]
Event: 0.640 Thread 0x0000000017915800  418       3       com.android.dx.rop.annotation.AnnotationsList::set (11 bytes)
Event: 0.641 Thread 0x0000000017915800 nmethod 418 0x000000000324c310 code [0x000000000324c500, 0x000000000324cef8]
Event: 0.641 Thread 0x0000000017915800  419       1       com.android.dx.cf.attrib.AttSignature::byteLength (3 bytes)
Event: 0.641 Thread 0x0000000017915800 nmethod 419 0x000000000324afd0 code [0x000000000324b120, 0x000000000324b230]
Event: 0.641 Thread 0x000000001790c800  420   !   4       com.android.dx.rop.type.Prototype::intern (233 bytes)
Event: 0.664 Thread 0x0000000017915800  423       3       com.android.dx.rop.type.Type::isReference (15 bytes)
Event: 0.664 Thread 0x0000000017915800 nmethod 423 0x000000000324ac50 code [0x000000000324ada0, 0x000000000324af50]

GC Heap History (0 events):
No events

Deoptimization events (4 events):
Event: 0.393 Thread 0x0000000002ee1000 Uncommon trap: reason=unstable_if action=reinterpret pc=0x0000000003168fd0 method=java.lang.String.<init>([CII)V @ 18
Event: 0.395 Thread 0x0000000002ee1000 Uncommon trap: reason=unstable_if action=reinterpret pc=0x0000000003178678 method=java.lang.String.<init>([CII)V @ 18
Event: 0.400 Thread 0x0000000002ee1000 Uncommon trap: reason=unloaded action=reinterpret pc=0x00000000031df7b0 method=com.android.dx.cf.cst.ConstantPoolParser.parse0(ILjava/util/BitSet;)Lcom/android/dx/rop/cst/Constant; @ 220
Event: 0.617 Thread 0x0000000002ee1000 Uncommon trap: reason=unstable_if action=reinterpret pc=0x0000000003250d24 method=com.android.dx.cf.direct.StdAttributeFactory.parse0(Lcom/android/dx/cf/direct/DirectClassFile;ILjava/lang/String;IILcom/android/dx/cf/iface/ParseObserver;)Lcom/android/dx/cf/

Internal exceptions (2 events):
Event: 0.041 Thread 0x0000000002ee1000 Exception <a 'java/lang/NoSuchMethodError': Method sun.misc.Unsafe.defineClass(Ljava/lang/String;[BII)Ljava/lang/Class; name or signature does not match> (0x00000000d7007c78) thrown at [C:\src\android\AOSP-openjdk\external\jetbrains\jdk\hotspot\src\share\v¦þŸp÷¥?
Event: 0.041 Thread 0x0000000002ee1000 Exception <a 'java/lang/NoSuchMethodError': Method sun.misc.Unsafe.prefetchRead(Ljava/lang/Object;J)V name or signature does not match> (0x00000000d7007f60) thrown at [C:\src\android\AOSP-openjdk\external\jetbrains\jdk\hotspot\src\share\vm\prims\jni.cpp, l

Events (10 events):
Event: 0.400 Thread 0x0000000002ee1000 Uncommon trap: trap_request=0x000000d4 fr.pc=0x00000000031df7b0
Event: 0.400 Thread 0x0000000002ee1000 DEOPT PACKING pc=0x00000000031df7b0 sp=0x0000000002e3f0a0
Event: 0.400 Thread 0x0000000002ee1000 DEOPT UNPACKING pc=0x000000000302556a sp=0x0000000002e3f058 mode 2
Event: 0.521 loading class com/android/dx/cf/iface/ParseObserver
Event: 0.521 loading class com/android/dx/cf/iface/ParseObserver done
Event: 0.617 Thread 0x0000000002ee1000 Uncommon trap: trap_request=0xffffff65 fr.pc=0x0000000003250d24
Event: 0.617 Thread 0x0000000002ee1000 DEOPT PACKING pc=0x0000000003250d24 sp=0x0000000002e3ee90
Event: 0.617 Thread 0x0000000002ee1000 DEOPT UNPACKING pc=0x000000000302556a sp=0x0000000002e3ee28 mode 2
Event: 0.618 loading class com/android/dx/cf/attrib/AttAnnotationDefault
Event: 0.618 loading class com/android/dx/cf/attrib/AttAnnotationDefault done


Dynamic libraries:
0x00007ff7c6c80000 - 0x00007ff7c6cb1000 	D:\Program Files\Android\Android Studio\jre\bin\java.exe
0x00007ffccf1b0000 - 0x00007ffccf38b000 	C:\WINDOWS\SYSTEM32\ntdll.dll
0x00007ffccc7e0000 - 0x00007ffccc88e000 	C:\WINDOWS\System32\KERNEL32.DLL
0x00007ffccb6d0000 - 0x00007ffccb919000 	C:\WINDOWS\System32\KERNELBASE.dll
0x00007ffccf100000 - 0x00007ffccf1a1000 	C:\WINDOWS\System32\ADVAPI32.dll
0x00007ffccc740000 - 0x00007ffccc7dd000 	C:\WINDOWS\System32\msvcrt.dll
0x00007ffccd170000 - 0x00007ffccd1c9000 	C:\WINDOWS\System32\sechost.dll
0x00007ffccee90000 - 0x00007ffccefb5000 	C:\WINDOWS\System32\RPCRT4.dll
0x00007ffcced20000 - 0x00007ffccee6a000 	C:\WINDOWS\System32\USER32.dll
0x00007ffccc2f0000 - 0x00007ffccc30e000 	C:\WINDOWS\System32\win32u.dll
0x00007ffccefc0000 - 0x00007ffccefe7000 	C:\WINDOWS\System32\GDI32.dll
0x00007ffccc430000 - 0x00007ffccc5b7000 	C:\WINDOWS\System32\gdi32full.dll
0x00007ffccb980000 - 0x00007ffccba1a000 	C:\WINDOWS\System32\msvcp_win.dll
0x00007ffccc5c0000 - 0x00007ffccc6b6000 	C:\WINDOWS\System32\ucrtbase.dll
0x00007ffcc0b60000 - 0x00007ffcc0dc7000 	C:\WINDOWS\WinSxS\amd64_microsoft.windows.common-controls_6595b64144ccf1df_6.0.15063.483_none_26002d27e7c744a2\COMCTL32.dll
0x00007ffccea20000 - 0x00007ffcced19000 	C:\WINDOWS\System32\combase.dll
0x00007ffccc3c0000 - 0x00007ffccc42a000 	C:\WINDOWS\System32\bcryptPrimitives.dll
0x00007ffccc710000 - 0x00007ffccc73d000 	C:\WINDOWS\System32\IMM32.DLL
0x000000005c5c0000 - 0x000000005c692000 	D:\Program Files\Android\Android Studio\jre\jre\bin\msvcr100.dll
0x000000005b150000 - 0x000000005b98c000 	D:\Program Files\Android\Android Studio\jre\jre\bin\server\jvm.dll
0x00007ffccc890000 - 0x00007ffccc898000 	C:\WINDOWS\System32\PSAPI.DLL
0x00007ffc94720000 - 0x00007ffc94729000 	C:\WINDOWS\SYSTEM32\WSOCK32.dll
0x00007ffcc81a0000 - 0x00007ffcc81c3000 	C:\WINDOWS\SYSTEM32\WINMM.dll
0x00007ffcceff0000 - 0x00007ffccf05c000 	C:\WINDOWS\System32\WS2_32.dll
0x00007ffcbbb90000 - 0x00007ffcbbb9a000 	C:\WINDOWS\SYSTEM32\VERSION.dll
0x00007ffcc8170000 - 0x00007ffcc819b000 	C:\WINDOWS\SYSTEM32\WINMMBASE.dll
0x00007ffccc6c0000 - 0x00007ffccc709000 	C:\WINDOWS\System32\cfgmgr32.dll
0x00007ffcc3e10000 - 0x00007ffcc3e1f000 	D:\Program Files\Android\Android Studio\jre\jre\bin\verify.dll
0x00007ffcbd930000 - 0x00007ffcbd959000 	D:\Program Files\Android\Android Studio\jre\jre\bin\java.dll
0x00007ffcbeef0000 - 0x00007ffcbef06000 	D:\Program Files\Android\Android Studio\jre\jre\bin\zip.dll
0x00007ffccd470000 - 0x00007ffcce8a7000 	C:\WINDOWS\System32\SHELL32.dll
0x00007ffccd250000 - 0x00007ffccd2fa000 	C:\WINDOWS\System32\shcore.dll
0x00007ffccbbf0000 - 0x00007ffccc2e1000 	C:\WINDOWS\System32\windows.storage.dll
0x00007ffccd1f0000 - 0x00007ffccd241000 	C:\WINDOWS\System32\shlwapi.dll
0x00007ffccb660000 - 0x00007ffccb671000 	C:\WINDOWS\System32\kernel.appcore.dll
0x00007ffccb680000 - 0x00007ffccb6cc000 	C:\WINDOWS\System32\powrprof.dll
0x00007ffccb640000 - 0x00007ffccb655000 	C:\WINDOWS\System32\profapi.dll

VM Arguments:
jvm_args: -Djava.awt.headless=true -Dfile.encoding=windows-1252 -Duser.country=US -Duser.language=en -Duser.variant 
java_command: com.android.multidex.ClassReferenceListBuilder D:\AndroidStudio-Workspace\DATN_TimKiemNhaTro\app\build\intermediates\multi-dex\debug\componentClasses.jar D:\AndroidStudio-Workspace\DATN_TimKiemNhaTro\app\build\intermediates\transforms\jarMerging\debug\jars\1\1f\combined.jar
java_class_path (initial): D:\Android\sdk\build-tools\25.0.3\lib\dx.jar
Launcher Type: SUN_STANDARD

Environment Variables:
PATH=C:\ProgramData\Oracle\Java\javapath;C:\WINDOWS\system32;C:\WINDOWS;C:\WINDOWS\System32\Wbem;C:\WINDOWS\System32\WindowsPowerShell\v1.0\;C:\Program Files (x86)\Windows Kits\8.1\Windows Performance Toolkit\;C:\Program Files\Microsoft SQL Server\110\Tools\Binn\;C:\Program Files (x86)\Windows Live\Shared;C:\Users\Windows 10 TIMT\AppData\Local\Microsoft\WindowsApps;
USERNAME=Windows 10 TIMT
OS=Windows_NT
PROCESSOR_IDENTIFIER=Intel64 Family 6 Model 58 Stepping 9, GenuineIntel



---------------  S Y S T E M  ---------------

OS: Windows 10.0 , 64 bit Build 15063 (10.0.15063.296)

CPU:total 4 (2 cores per cpu, 2 threads per core) family 6 model 58 stepping 9, cmov, cx8, fxsr, mmx, sse, sse2, sse3, ssse3, sse4.1, sse4.2, popcnt, avx, aes, clmul, erms, ht, tsc, tscinvbit, tscinv

Memory: 4k page, physical 8060056k(529100k free), swap 8060056k(4620k free)

vm_info: OpenJDK 64-Bit Server VM (25.112-b06) for windows-amd64 JRE (1.8.0_112-release-b06), built on Dec  8 2016 00:54:26 by "builder" with MS VC++ 10.0 (VS2010)

time: Mon Nov 20 11:29:00 2017
elapsed time: 0 seconds (0d 0h 0m 0s)

