#
# There is insufficient memory for the Java Runtime Environment to continue.
# Native memory allocation (malloc) failed to allocate 1048576 bytes for AllocateHeap
# Possible reasons:
#   The system is out of physical RAM or swap space
#   In 32 bit mode, the process size limit was hit
# Possible solutions:
#   Reduce memory load on the system
#   Increase physical memory or swap space
#   Check if swap backing store is full
#   Use 64 bit Java on a 64 bit OS
#   Decrease Java heap size (-Xmx/-Xms)
#   Decrease number of Java threads
#   Decrease Java thread stack sizes (-Xss)
#   Set larger code cache with -XX:ReservedCodeCacheSize=
# This output file may be truncated or incomplete.
#
#  Out of Memory Error (memory/allocation.inline.hpp:61), pid=5660, tid=0x000000000000227c
#
# JRE version:  (8.0_112-b06) (build )
# Java VM: OpenJDK 64-Bit Server VM (25.112-b06 mixed mode windows-amd64 compressed oops)
# Failed to write core dump. Minidumps are not enabled by default on client versions of Windows
#

---------------  T H R E A D  ---------------

Current thread (0x0000000003171000):  JavaThread "Unknown thread" [_thread_in_vm, id=8828, stack(0x0000000002fc0000,0x00000000030c0000)]

Stack: [0x0000000002fc0000,0x00000000030c0000]
[error occurred during error reporting (printing stack bounds), id 0xc0000005]

Native frames: (J=compiled Java code, j=interpreted, Vv=VM code, C=native code)


---------------  P R O C E S S  ---------------

Java Threads: ( => current thread )

Other Threads:

=>0x0000000003171000 (exited) JavaThread "Unknown thread" [_thread_in_vm, id=8828, stack(0x0000000002fc0000,0x00000000030c0000)]

VM state:not at safepoint (normal execution)

VM Mutex/Monitor currently owned by a thread: None

Heap:
 PSYoungGen      total 36864K, used 634K [0x00000000d7000000, 0x00000000d9900000, 0x0000000100000000)
  eden space 31744K, 2% used [0x00000000d7000000,0x00000000d709eb90,0x00000000d8f00000)
  from space 5120K, 0% used [0x00000000d9400000,0x00000000d9400000,0x00000000d9900000)
  to   space 5120K, 0% used [0x00000000d8f00000,0x00000000d8f00000,0x00000000d9400000)
 ParOldGen       total 84992K, used 0K [0x0000000085000000, 0x000000008a300000, 0x00000000d7000000)
  object space 84992K, 0% used [0x0000000085000000,0x0000000085000000,0x000000008a300000)
 Metaspace       used 772K, capacity 4480K, committed 4480K, reserved 1056768K
  class space    used 73K, capacity 384K, committed 384K, reserved 1048576K

Card table byte_map: [0x0000000012630000,0x0000000012a10000] byte_map_base: 0x0000000012208000

Marking Bits: (ParMarkBitMap*) 0x0000000065f618f0
 Begin Bits: [0x00000000130a0000, 0x0000000014f60000)
 End Bits:   [0x0000000014f60000, 0x0000000016e20000)

Polling page: 0x0000000001230000

CodeCache: size=245760Kb used=328Kb max_used=328Kb free=245431Kb
 bounds [0x0000000003270000, 0x00000000034e0000, 0x0000000012270000]
 total_blobs=57 nmethods=0 adapters=38
 compilation: enabled

Compilation events (0 events):
No events

GC Heap History (0 events):
No events

Deoptimization events (0 events):
No events

Internal exceptions (0 events):
No events

Events (10 events):
Event: 0.030 loading class java/lang/Short
Event: 0.030 loading class java/lang/Short done
Event: 0.030 loading class java/lang/Integer
Event: 0.030 loading class java/lang/Integer done
Event: 0.030 loading class java/lang/Long
Event: 0.030 loading class java/lang/Long done
Event: 0.031 loading class java/lang/NullPointerException
Event: 0.031 loading class java/lang/NullPointerException done
Event: 0.031 loading class java/lang/ArithmeticException
Event: 0.031 loading class java/lang/ArithmeticException done


Dynamic libraries:
0x00007ff6c5600000 - 0x00007ff6c5631000 	D:\Program Files\Android\Android Studio\jre\bin\java.exe
0x00007ffb07be0000 - 0x00007ffb07dbb000 	C:\WINDOWS\SYSTEM32\ntdll.dll
0x00007ffb05720000 - 0x00007ffb057ce000 	C:\WINDOWS\System32\KERNEL32.DLL
0x00007ffb042e0000 - 0x00007ffb04529000 	C:\WINDOWS\System32\KERNELBASE.dll
0x00007ffb05f90000 - 0x00007ffb06031000 	C:\WINDOWS\System32\ADVAPI32.dll
0x00007ffb055d0000 - 0x00007ffb0566d000 	C:\WINDOWS\System32\msvcrt.dll
0x00007ffb06070000 - 0x00007ffb060c9000 	C:\WINDOWS\System32\sechost.dll
0x00007ffb05c10000 - 0x00007ffb05d35000 	C:\WINDOWS\System32\RPCRT4.dll
0x00007ffb060d0000 - 0x00007ffb0621a000 	C:\WINDOWS\System32\USER32.dll
0x00007ffb042c0000 - 0x00007ffb042de000 	C:\WINDOWS\System32\win32u.dll
0x00007ffb06040000 - 0x00007ffb06067000 	C:\WINDOWS\System32\GDI32.dll
0x00007ffb04f50000 - 0x00007ffb050d7000 	C:\WINDOWS\System32\gdi32full.dll
0x00007ffb041b0000 - 0x00007ffb0424a000 	C:\WINDOWS\System32\msvcp_win.dll
0x00007ffb04530000 - 0x00007ffb04626000 	C:\WINDOWS\System32\ucrtbase.dll
0x00007ffaf0fc0000 - 0x00007ffaf1227000 	C:\WINDOWS\WinSxS\amd64_microsoft.windows.common-controls_6595b64144ccf1df_6.0.15063.483_none_26002d27e7c744a2\COMCTL32.dll
0x00007ffb07660000 - 0x00007ffb07959000 	C:\WINDOWS\System32\combase.dll
0x00007ffb04250000 - 0x00007ffb042ba000 	C:\WINDOWS\System32\bcryptPrimitives.dll
0x00007ffb05580000 - 0x00007ffb055ad000 	C:\WINDOWS\System32\IMM32.DLL
0x0000000066a30000 - 0x0000000066b02000 	D:\Program Files\Android\Android Studio\jre\jre\bin\msvcr100.dll
0x00000000657a0000 - 0x0000000065fdc000 	D:\Program Files\Android\Android Studio\jre\jre\bin\server\jvm.dll
0x00007ffb05670000 - 0x00007ffb05678000 	C:\WINDOWS\System32\PSAPI.DLL
0x00007ffb00a10000 - 0x00007ffb00a19000 	C:\WINDOWS\SYSTEM32\WSOCK32.dll
0x00007ffb00cd0000 - 0x00007ffb00cf3000 	C:\WINDOWS\SYSTEM32\WINMM.dll
0x00007ffb07a20000 - 0x00007ffb07a8c000 	C:\WINDOWS\System32\WS2_32.dll
0x00007ffaf7490000 - 0x00007ffaf749a000 	C:\WINDOWS\SYSTEM32\VERSION.dll
0x00007ffb00ca0000 - 0x00007ffb00ccb000 	C:\WINDOWS\SYSTEM32\WINMMBASE.dll
0x00007ffb04630000 - 0x00007ffb04679000 	C:\WINDOWS\System32\cfgmgr32.dll
0x00007ffb00180000 - 0x00007ffb0018f000 	D:\Program Files\Android\Android Studio\jre\jre\bin\verify.dll
0x00007ffafd4b0000 - 0x00007ffafd4d9000 	D:\Program Files\Android\Android Studio\jre\jre\bin\java.dll
0x00007ffaff630000 - 0x00007ffaff646000 	D:\Program Files\Android\Android Studio\jre\jre\bin\zip.dll

VM Arguments:
jvm_args: -Djava.awt.headless=true -Dfile.encoding=windows-1252 -Duser.country=US -Duser.language=en -Duser.variant 
java_command: com.android.multidex.ClassReferenceListBuilder D:\AndroidStudio-Workspace\DATN_TimKiemNhaTro\app\build\intermediates\multi-dex\debug\componentClasses.jar D:\AndroidStudio-Workspace\DATN_TimKiemNhaTro\app\build\intermediates\transforms\jarMerging\debug\jars\1\1f\combined.jar
java_class_path (initial): D:\Android\sdk\build-tools\25.0.3\lib\dx.jar
Launcher Type: SUN_STANDARD

Environment Variables:
PATH=C:\ProgramData\Oracle\Java\javapath;C:\WINDOWS\system32;C:\WINDOWS;C:\WINDOWS\System32\Wbem;C:\WINDOWS\System32\WindowsPowerShell\v1.0\;C:\Program Files (x86)\Windows Kits\8.1\Windows Performance Toolkit\;C:\Program Files\Microsoft SQL Server\110\Tools\Binn\;C:\Program Files (x86)\Windows Live\Shared;C:\Users\Windows 10 TIMT\AppData\Local\Microsoft\WindowsApps;
USERNAME=Windows 10 TIMT
OS=Windows_NT
PROCESSOR_IDENTIFIER=Intel64 Family 6 Model 58 Stepping 9, GenuineIntel



---------------  S Y S T E M  ---------------

OS: Windows 10.0 , 64 bit Build 15063 (10.0.15063.296)

CPU:total 4 (2 cores per cpu, 2 threads per core) family 6 model 58 stepping 9, cmov, cx8, fxsr, mmx, sse, sse2, sse3, ssse3, sse4.1, sse4.2, popcnt, avx, aes, clmul, erms, ht, tsc, tscinvbit, tscinv

Memory: 4k page, physical 8060056k(304336k free), swap 8060056k(5008k free)

vm_info: OpenJDK 64-Bit Server VM (25.112-b06) for windows-amd64 JRE (1.8.0_112-release-b06), built on Dec  8 2016 00:54:26 by "builder" with MS VC++ 10.0 (VS2010)

time: Mon Dec 04 11:36:00 2017
elapsed time: 0 seconds (0d 0h 0m 0s)

