#
# There is insufficient memory for the Java Runtime Environment to continue.
# Native memory allocation (malloc) failed to allocate 1167616 bytes for Chunk::new
# Possible reasons:
#   The system is out of physical RAM or swap space
#   In 32 bit mode, the process size limit was hit
# Possible solutions:
#   Reduce memory load on the system
#   Increase physical memory or swap space
#   Check if swap backing store is full
#   Use 64 bit Java on a 64 bit OS
#   Decrease Java heap size (-Xmx/-Xms)
#   Decrease number of Java threads
#   Decrease Java thread stack sizes (-Xss)
#   Set larger code cache with -XX:ReservedCodeCacheSize=
# This output file may be truncated or incomplete.
#
#  Out of Memory Error (allocation.cpp:390), pid=1168, tid=0x0000000000001fdc
#
# JRE version: OpenJDK Runtime Environment (8.0_112-b06) (build 1.8.0_112-release-b06)
# Java VM: OpenJDK 64-Bit Server VM (25.112-b06 mixed mode windows-amd64 compressed oops)
# Failed to write core dump. Minidumps are not enabled by default on client versions of Windows
#

---------------  T H R E A D  ---------------

Current thread (0x000000001729e800):  JavaThread "C2 CompilerThread1" daemon [_thread_in_native, id=8156, stack(0x0000000018ab0000,0x0000000018bb0000)]

Stack: [0x0000000018ab0000,0x0000000018bb0000]
[error occurred during error reporting (printing stack bounds), id 0xc0000005]

Native frames: (J=compiled Java code, j=interpreted, Vv=VM code, C=native code)


Current CompileTask:
C2:   1013  388   !   4       com.android.dx.cf.cst.ConstantPoolParser::parse0 (731 bytes)


---------------  P R O C E S S  ---------------

Java Threads: ( => current thread )
  0x0000000018bdf800 JavaThread "Service Thread" daemon [_thread_blocked, id=10020, stack(0x00000000190b0000,0x00000000191b0000)]
  0x00000000172ad000 JavaThread "C1 CompilerThread2" daemon [_thread_blocked, id=4408, stack(0x0000000018fb0000,0x00000000190b0000)]
=>0x000000001729e800 JavaThread "C2 CompilerThread1" daemon [_thread_in_native, id=8156, stack(0x0000000018ab0000,0x0000000018bb0000)]
  0x0000000017247800 JavaThread "C2 CompilerThread0" daemon [_thread_in_native, id=6004, stack(0x00000000189b0000,0x0000000018ab0000)]
  0x0000000017258000 JavaThread "Attach Listener" daemon [_thread_blocked, id=10948, stack(0x00000000188b0000,0x00000000189b0000)]
  0x0000000017256800 JavaThread "Signal Dispatcher" daemon [_thread_blocked, id=9604, stack(0x00000000187b0000,0x00000000188b0000)]
  0x000000000291b800 JavaThread "Finalizer" daemon [_thread_blocked, id=11012, stack(0x00000000184c0000,0x00000000185c0000)]
  0x0000000002910800 JavaThread "Reference Handler" daemon [_thread_blocked, id=6280, stack(0x00000000183c0000,0x00000000184c0000)]
  0x0000000002821000 JavaThread "main" [_thread_in_vm, id=1356, stack(0x0000000002720000,0x0000000002820000)]

Other Threads:
  0x0000000017216800 VMThread [stack: 0x00000000182c0000,0x00000000183c0000] [id=7028]
  0x0000000018be1800 WatcherThread [stack: 0x00000000191b0000,0x00000000192b0000] [id=7340]

VM state:not at safepoint (normal execution)

VM Mutex/Monitor currently owned by a thread: None

Heap:
 PSYoungGen      total 36864K, used 13833K [0x00000000d7000000, 0x00000000d9900000, 0x0000000100000000)
  eden space 31744K, 31% used [0x00000000d7000000,0x00000000d799c558,0x00000000d8f00000)
  from space 5120K, 77% used [0x00000000d8f00000,0x00000000d92e5fd0,0x00000000d9400000)
  to   space 5120K, 0% used [0x00000000d9400000,0x00000000d9400000,0x00000000d9900000)
 ParOldGen       total 84992K, used 8K [0x0000000085000000, 0x000000008a300000, 0x00000000d7000000)
  object space 84992K, 0% used [0x0000000085000000,0x0000000085002000,0x000000008a300000)
 Metaspace       used 3656K, capacity 5144K, committed 5376K, reserved 1056768K
  class space    used 377K, capacity 456K, committed 512K, reserved 1048576K

Card table byte_map: [0x0000000011ce0000,0x00000000120c0000] byte_map_base: 0x00000000118b8000

Marking Bits: (ParMarkBitMap*) 0x0000000065f618f0
 Begin Bits: [0x0000000012750000, 0x0000000014610000)
 End Bits:   [0x0000000014610000, 0x00000000164d0000)

Polling page: 0x0000000001020000

CodeCache: size=245760Kb used=3004Kb max_used=3004Kb free=242755Kb
 bounds [0x0000000002920000, 0x0000000002c20000, 0x0000000011920000]
 total_blobs=732 nmethods=485 adapters=161
 compilation: enabled

Compilation events (10 events):
Event: 0.952 Thread 0x00000000172ad000  487       3       com.android.dx.cf.attrib.AttLocalVariableTypeTable::<init> (8 bytes)
Event: 0.952 Thread 0x00000000172ad000 nmethod 487 0x0000000002c08650 code [0x0000000002c087c0, 0x0000000002c08968]
Event: 0.952 Thread 0x00000000172ad000  488       3       com.android.dx.cf.direct.StdAttributeFactory::localVariableTypeTable (98 bytes)
Event: 0.954 Thread 0x00000000172ad000 nmethod 488 0x0000000002c08a10 code [0x0000000002c08cc0, 0x0000000002c09e18]
Event: 0.968 Thread 0x00000000172ad000  489       3       com.android.dx.cf.attrib.AttSignature::<init> (26 bytes)
Event: 0.968 Thread 0x00000000172ad000 nmethod 489 0x0000000002c0a9d0 code [0x0000000002c0ab60, 0x0000000002c0aec8]
Event: 0.984 Thread 0x00000000172ad000  490       3       com.android.dx.rop.annotation.NameValuePair::<init> (43 bytes)
Event: 0.985 Thread 0x00000000172ad000 nmethod 490 0x0000000002c0b010 code [0x0000000002c0b1a0, 0x0000000002c0b558]
Event: 0.987 Thread 0x00000000172ad000  491       3       com.android.dx.cf.direct.StdAttributeFactory::signature (94 bytes)
Event: 0.991 Thread 0x00000000172ad000 nmethod 491 0x0000000002c0b6d0 code [0x0000000002c0bb40, 0x0000000002c0e428]

GC Heap History (2 events):
Event: 0.906 GC heap before
{Heap before GC invocations=1 (full 0):
 PSYoungGen      total 36864K, used 31744K [0x00000000d7000000, 0x00000000d9900000, 0x0000000100000000)
  eden space 31744K, 100% used [0x00000000d7000000,0x00000000d8f00000,0x00000000d8f00000)
  from space 5120K, 0% used [0x00000000d9400000,0x00000000d9400000,0x00000000d9900000)
  to   space 5120K, 0% used [0x00000000d8f00000,0x00000000d8f00000,0x00000000d9400000)
 ParOldGen       total 84992K, used 0K [0x0000000085000000, 0x000000008a300000, 0x00000000d7000000)
  object space 84992K, 0% used [0x0000000085000000,0x0000000085000000,0x000000008a300000)
 Metaspace       used 3647K, capacity 5144K, committed 5376K, reserved 1056768K
  class space    used 377K, capacity 456K, committed 512K, reserved 1048576K
Event: 0.914 GC heap after
Heap after GC invocations=1 (full 0):
 PSYoungGen      total 36864K, used 3991K [0x00000000d7000000, 0x00000000d9900000, 0x0000000100000000)
  eden space 31744K, 0% used [0x00000000d7000000,0x00000000d7000000,0x00000000d8f00000)
  from space 5120K, 77% used [0x00000000d8f00000,0x00000000d92e5fd0,0x00000000d9400000)
  to   space 5120K, 0% used [0x00000000d9400000,0x00000000d9400000,0x00000000d9900000)
 ParOldGen       total 84992K, used 8K [0x0000000085000000, 0x000000008a300000, 0x00000000d7000000)
  object space 84992K, 0% used [0x0000000085000000,0x0000000085002000,0x000000008a300000)
 Metaspace       used 3647K, capacity 5144K, committed 5376K, reserved 1056768K
  class space    used 377K, capacity 456K, committed 512K, reserved 1048576K
}

Deoptimization events (4 events):
Event: 0.442 Thread 0x0000000002821000 Uncommon trap: reason=unstable_if action=reinterpret pc=0x0000000002a9f8d0 method=java.lang.String.<init>([CII)V @ 18
Event: 0.444 Thread 0x0000000002821000 Uncommon trap: reason=unstable_if action=reinterpret pc=0x0000000002ad3b78 method=java.lang.String.<init>([CII)V @ 18
Event: 0.519 Thread 0x0000000002821000 Uncommon trap: reason=unloaded action=reinterpret pc=0x0000000002b245f0 method=com.android.dx.cf.cst.ConstantPoolParser.parse0(ILjava/util/BitSet;)Lcom/android/dx/rop/cst/Constant; @ 220
Event: 0.659 Thread 0x0000000002821000 Uncommon trap: reason=unstable_if action=reinterpret pc=0x0000000002b821e4 method=com.android.dx.cf.direct.StdAttributeFactory.parse0(Lcom/android/dx/cf/direct/DirectClassFile;ILjava/lang/String;IILcom/android/dx/cf/iface/ParseObserver;)Lcom/android/dx/cf/

Internal exceptions (2 events):
Event: 0.057 Thread 0x0000000002821000 Exception <a 'java/lang/NoSuchMethodError': Method sun.misc.Unsafe.defineClass(Ljava/lang/String;[BII)Ljava/lang/Class; name or signature does not match> (0x00000000d7007c78) thrown at [C:\src\android\AOSP-openjdk\external\jetbrains\jdk\hotspot\src\share\v¸81¬c­?
Event: 0.057 Thread 0x0000000002821000 Exception <a 'java/lang/NoSuchMethodError': Method sun.misc.Unsafe.prefetchRead(Ljava/lang/Object;J)V name or signature does not match> (0x00000000d7007f60) thrown at [C:\src\android\AOSP-openjdk\external\jetbrains\jdk\hotspot\src\share\vm\prims\jni.cpp, l

Events (10 events):
Event: 0.519 Thread 0x0000000002821000 DEOPT UNPACKING pc=0x000000000296556a sp=0x000000000281ec60 mode 2
Event: 0.559 loading class com/android/dx/cf/iface/ParseObserver
Event: 0.559 loading class com/android/dx/cf/iface/ParseObserver done
Event: 0.659 Thread 0x0000000002821000 Uncommon trap: trap_request=0xffffff65 fr.pc=0x0000000002b821e4
Event: 0.659 Thread 0x0000000002821000 DEOPT PACKING pc=0x0000000002b821e4 sp=0x000000000281ea00
Event: 0.659 Thread 0x0000000002821000 DEOPT UNPACKING pc=0x000000000296556a sp=0x000000000281e998 mode 2
Event: 0.660 loading class com/android/dx/cf/attrib/AttAnnotationDefault
Event: 0.660 loading class com/android/dx/cf/attrib/AttAnnotationDefault done
Event: 0.906 Executing VM operation: ParallelGCFailedAllocation
Event: 0.914 Executing VM operation: ParallelGCFailedAllocation done


Dynamic libraries:
0x00007ff6c5600000 - 0x00007ff6c5631000 	D:\Program Files\Android\Android Studio\jre\bin\java.exe
0x00007ffb07be0000 - 0x00007ffb07dbb000 	C:\WINDOWS\SYSTEM32\ntdll.dll
0x00007ffb05720000 - 0x00007ffb057ce000 	C:\WINDOWS\System32\KERNEL32.DLL
0x00007ffb042e0000 - 0x00007ffb04529000 	C:\WINDOWS\System32\KERNELBASE.dll
0x00007ffb05f90000 - 0x00007ffb06031000 	C:\WINDOWS\System32\ADVAPI32.dll
0x00007ffb055d0000 - 0x00007ffb0566d000 	C:\WINDOWS\System32\msvcrt.dll
0x00007ffb06070000 - 0x00007ffb060c9000 	C:\WINDOWS\System32\sechost.dll
0x00007ffb05c10000 - 0x00007ffb05d35000 	C:\WINDOWS\System32\RPCRT4.dll
0x00007ffb060d0000 - 0x00007ffb0621a000 	C:\WINDOWS\System32\USER32.dll
0x00007ffb042c0000 - 0x00007ffb042de000 	C:\WINDOWS\System32\win32u.dll
0x00007ffb06040000 - 0x00007ffb06067000 	C:\WINDOWS\System32\GDI32.dll
0x00007ffb04f50000 - 0x00007ffb050d7000 	C:\WINDOWS\System32\gdi32full.dll
0x00007ffb041b0000 - 0x00007ffb0424a000 	C:\WINDOWS\System32\msvcp_win.dll
0x00007ffb04530000 - 0x00007ffb04626000 	C:\WINDOWS\System32\ucrtbase.dll
0x00007ffaf0fc0000 - 0x00007ffaf1227000 	C:\WINDOWS\WinSxS\amd64_microsoft.windows.common-controls_6595b64144ccf1df_6.0.15063.483_none_26002d27e7c744a2\COMCTL32.dll
0x00007ffb07660000 - 0x00007ffb07959000 	C:\WINDOWS\System32\combase.dll
0x00007ffb04250000 - 0x00007ffb042ba000 	C:\WINDOWS\System32\bcryptPrimitives.dll
0x00007ffb05580000 - 0x00007ffb055ad000 	C:\WINDOWS\System32\IMM32.DLL
0x0000000066a30000 - 0x0000000066b02000 	D:\Program Files\Android\Android Studio\jre\jre\bin\msvcr100.dll
0x00000000657a0000 - 0x0000000065fdc000 	D:\Program Files\Android\Android Studio\jre\jre\bin\server\jvm.dll
0x00007ffb05670000 - 0x00007ffb05678000 	C:\WINDOWS\System32\PSAPI.DLL
0x00007ffb00cd0000 - 0x00007ffb00cf3000 	C:\WINDOWS\SYSTEM32\WINMM.dll
0x00007ffaf7490000 - 0x00007ffaf749a000 	C:\WINDOWS\SYSTEM32\VERSION.dll
0x00007ffb00a10000 - 0x00007ffb00a19000 	C:\WINDOWS\SYSTEM32\WSOCK32.dll
0x00007ffb00ca0000 - 0x00007ffb00ccb000 	C:\WINDOWS\SYSTEM32\winmmbase.dll
0x00007ffb07a20000 - 0x00007ffb07a8c000 	C:\WINDOWS\System32\WS2_32.dll
0x00007ffb04630000 - 0x00007ffb04679000 	C:\WINDOWS\System32\cfgmgr32.dll
0x00007ffb00180000 - 0x00007ffb0018f000 	D:\Program Files\Android\Android Studio\jre\jre\bin\verify.dll
0x00007ffafd4b0000 - 0x00007ffafd4d9000 	D:\Program Files\Android\Android Studio\jre\jre\bin\java.dll
0x00007ffaff630000 - 0x00007ffaff646000 	D:\Program Files\Android\Android Studio\jre\jre\bin\zip.dll
0x00007ffb06220000 - 0x00007ffb07657000 	C:\WINDOWS\System32\SHELL32.dll
0x00007ffb05ee0000 - 0x00007ffb05f8a000 	C:\WINDOWS\System32\shcore.dll
0x00007ffb04680000 - 0x00007ffb04d71000 	C:\WINDOWS\System32\windows.storage.dll
0x00007ffb05320000 - 0x00007ffb05371000 	C:\WINDOWS\System32\shlwapi.dll
0x00007ffb04070000 - 0x00007ffb04081000 	C:\WINDOWS\System32\kernel.appcore.dll
0x00007ffb040b0000 - 0x00007ffb040fc000 	C:\WINDOWS\System32\powrprof.dll
0x00007ffb04090000 - 0x00007ffb040a5000 	C:\WINDOWS\System32\profapi.dll

VM Arguments:
jvm_args: -Djava.awt.headless=true -Dfile.encoding=windows-1252 -Duser.country=US -Duser.language=en -Duser.variant 
java_command: com.android.multidex.ClassReferenceListBuilder D:\AndroidStudio-Workspace\DATN_TimKiemNhaTro\app\build\intermediates\multi-dex\debug\componentClasses.jar D:\AndroidStudio-Workspace\DATN_TimKiemNhaTro\app\build\intermediates\transforms\jarMerging\debug\jars\1\1f\combined.jar
java_class_path (initial): D:\Android\sdk\build-tools\25.0.3\lib\dx.jar
Launcher Type: SUN_STANDARD

Environment Variables:
PATH=C:\ProgramData\Oracle\Java\javapath;C:\WINDOWS\system32;C:\WINDOWS;C:\WINDOWS\System32\Wbem;C:\WINDOWS\System32\WindowsPowerShell\v1.0\;C:\Program Files (x86)\Windows Kits\8.1\Windows Performance Toolkit\;C:\Program Files\Microsoft SQL Server\110\Tools\Binn\;C:\Program Files (x86)\Windows Live\Shared;C:\Users\Windows 10 TIMT\AppData\Local\Microsoft\WindowsApps;
USERNAME=Windows 10 TIMT
OS=Windows_NT
PROCESSOR_IDENTIFIER=Intel64 Family 6 Model 58 Stepping 9, GenuineIntel



---------------  S Y S T E M  ---------------

OS: Windows 10.0 , 64 bit Build 15063 (10.0.15063.296)

CPU:total 4 (2 cores per cpu, 2 threads per core) family 6 model 58 stepping 9, cmov, cx8, fxsr, mmx, sse, sse2, sse3, ssse3, sse4.1, sse4.2, popcnt, avx, aes, clmul, erms, ht, tsc, tscinvbit, tscinv

Memory: 4k page, physical 8060056k(240352k free), swap 8060056k(4784k free)

vm_info: OpenJDK 64-Bit Server VM (25.112-b06) for windows-amd64 JRE (1.8.0_112-release-b06), built on Dec  8 2016 00:54:26 by "builder" with MS VC++ 10.0 (VS2010)

time: Mon Dec 04 11:32:53 2017
elapsed time: 1 seconds (0d 0h 0m 1s)

